[Licensing::Module] Trying to connect to existing licensing client channel...
Built from '6000.5/staging' branch; Version is '6000.5.2f1 (eb73d3b415a1) revision 15430611'; Using compiler version '194234433'; Build Type 'Release'
[Licensing::IpcConnector] Channel LicenseClient-maena doesn't exist
OS: 'Windows 11  (10.0.26200) Core' Language: 'ja' Physical Memory: 16287 MB
BatchMode: 1, IsHumanControllingUs: 0, StartBugReporterOnCrash: 0, Is64bit: 1
System  architecture: x64
Process architecture: x64
Date: 2026-07-10T05:59:30Z
[Licensing::Module] Successfully launched the LicensingClient (PId: 25204)

COMMAND LINE ARGUMENTS:
C:\Program Files\Unity\Hub\Editor\6000.5.2f1\Editor\Unity.exe
-batchmode
-quit
-projectPath
.
-logFile
Logs/smoke9.log
-executeMethod
FLSmokeTest.Run
Couldn't set project path to: C:/Users/maena/UnityGames/MyFirstGame/pages-deploy
Exiting without the bug reporter. Application will terminate with return code 1Starting IPC server.
Waiting for clients to connect on \\.\pipe\Unity-LicenseClient-maena, press Ctrl-C to exit.
Shut down.
